0 info it worked if it ends with ok
1 verbose cli [ '/usr/local/bin/node', '/usr/local/bin/npm', 'publish' ]
2 info using npm@3.8.9
3 info using node@v6.2.0
4 verbose publish [ '.' ]
5 silly cache add args [ '.', null ]
6 verbose cache add spec .
7 silly cache add parsed spec Result {
7 silly cache add   raw: '.',
7 silly cache add   scope: null,
7 silly cache add   name: null,
7 silly cache add   rawSpec: '.',
7 silly cache add   spec: '/Users/iceonepiece/Documents/jonfon',
7 silly cache add   type: 'directory' }
8 verbose addLocalDirectory /Users/iceonepiece/.npm/jonfon/1.0.4/package.tgz not in flight; packing
9 verbose correctMkdir /Users/iceonepiece/.npm correctMkdir not in flight; initializing
10 info lifecycle jonfon@1.0.4~prepublish: jonfon@1.0.4
11 silly lifecycle jonfon@1.0.4~prepublish: no script for prepublish, continuing
12 verbose tar pack [ '/Users/iceonepiece/.npm/jonfon/1.0.4/package.tgz',
12 verbose tar pack   '/Users/iceonepiece/Documents/jonfon' ]
13 verbose tarball /Users/iceonepiece/.npm/jonfon/1.0.4/package.tgz
14 verbose folder /Users/iceonepiece/Documents/jonfon
15 verbose addLocalTarball adding from inside cache /Users/iceonepiece/.npm/jonfon/1.0.4/package.tgz
16 verbose correctMkdir /Users/iceonepiece/.npm correctMkdir not in flight; initializing
17 silly cache afterAdd jonfon@1.0.4
18 verbose afterAdd /Users/iceonepiece/.npm/jonfon/1.0.4/package/package.json not in flight; writing
19 verbose correctMkdir /Users/iceonepiece/.npm correctMkdir not in flight; initializing
20 verbose afterAdd /Users/iceonepiece/.npm/jonfon/1.0.4/package/package.json written
21 silly publish { name: 'jonfon',
21 silly publish   version: '1.0.4',
21 silly publish   description: 'A Very Good Recommendation Engine',
21 silly publish   main: 'index.js',
21 silly publish   scripts: { test: 'echo "Error: no test specified" && exit 1' },
21 silly publish   repository:
21 silly publish    { type: 'git',
21 silly publish      url: 'git+https://github.com/iceonepiece/jonfon.git' },
21 silly publish   keywords: [ 'recommendation', 'recommender' ],
21 silly publish   author: '',
21 silly publish   license: 'MIT',
21 silly publish   bugs: { url: 'https://github.com/iceonepiece/jonfon/issues' },
21 silly publish   homepage: 'https://github.com/iceonepiece/jonfon#readme',
21 silly publish   devDependencies: { chai: '^3.5.0' },
21 silly publish   readme: '# jonfon\nA Very Good Recommendation Engine\n',
21 silly publish   readmeFilename: 'README.md',
21 silly publish   gitHead: 'c813916d59542c6655fb1df7ed05550ce52526a3',
21 silly publish   _id: 'jonfon@1.0.4',
21 silly publish   _shasum: '26cc563049277071d249a10da2a03f159dcca84a',
21 silly publish   _from: '.' }
22 verbose getPublishConfig undefined
23 silly mapToRegistry name jonfon
24 silly mapToRegistry using default registry
25 silly mapToRegistry registry https://registry.npmjs.org/
26 silly mapToRegistry data Result {
26 silly mapToRegistry   raw: 'jonfon',
26 silly mapToRegistry   scope: null,
26 silly mapToRegistry   name: 'jonfon',
26 silly mapToRegistry   rawSpec: '',
26 silly mapToRegistry   spec: 'latest',
26 silly mapToRegistry   type: 'tag' }
27 silly mapToRegistry uri https://registry.npmjs.org/jonfon
28 verbose publish registryBase https://registry.npmjs.org/
29 silly publish uploading /Users/iceonepiece/.npm/jonfon/1.0.4/package.tgz
30 verbose request uri https://registry.npmjs.org/jonfon
31 verbose request sending authorization for write operation
32 info attempt registry request try #1 at 5:27:42 PM
33 verbose request using bearer token for auth
34 verbose request id a79a17c1183ae3ab
35 http request PUT https://registry.npmjs.org/jonfon
36 http 403 https://registry.npmjs.org/jonfon
37 verbose headers { 'content-type': 'application/json',
37 verbose headers   'cache-control': 'max-age=300',
37 verbose headers   'content-length': '95',
37 verbose headers   'accept-ranges': 'bytes',
37 verbose headers   date: 'Fri, 01 Jul 2016 10:27:43 GMT',
37 verbose headers   via: '1.1 varnish',
37 verbose headers   connection: 'keep-alive',
37 verbose headers   'x-served-by': 'cache-sin6926-SIN',
37 verbose headers   'x-cache': 'MISS',
37 verbose headers   'x-cache-hits': '0',
37 verbose headers   'x-timer': 'S1467368862.677096,VS0,VE888',
37 verbose headers   vary: 'Accept-Encoding' }
38 verbose request invalidating /Users/iceonepiece/.npm/registry.npmjs.org/jonfon on PUT
39 error publish Failed PUT 403
40 verbose stack Error: "You cannot publish over the previously published version 1.0.4." : jonfon
40 verbose stack     at makeError (/usr/local/lib/node_modules/npm/node_modules/npm-registry-client/lib/request.js:264:12)
40 verbose stack     at CachingRegistryClient.<anonymous> (/usr/local/lib/node_modules/npm/node_modules/npm-registry-client/lib/request.js:252:14)
40 verbose stack     at Request._callback (/usr/local/lib/node_modules/npm/node_modules/npm-registry-client/lib/request.js:172:14)
40 verbose stack     at Request.self.callback (/usr/local/lib/node_modules/npm/node_modules/request/request.js:200:22)
40 verbose stack     at emitTwo (events.js:106:13)
40 verbose stack     at Request.emit (events.js:191:7)
40 verbose stack     at Request.<anonymous> (/usr/local/lib/node_modules/npm/node_modules/request/request.js:1067:10)
40 verbose stack     at emitOne (events.js:101:20)
40 verbose stack     at Request.emit (events.js:188:7)
40 verbose stack     at IncomingMessage.<anonymous> (/usr/local/lib/node_modules/npm/node_modules/request/request.js:988:12)
41 verbose statusCode 403
42 verbose pkgid jonfon
43 verbose cwd /Users/iceonepiece/Documents/jonfon
44 error Darwin 14.5.0
45 error argv "/usr/local/bin/node" "/usr/local/bin/npm" "publish"
46 error node v6.2.0
47 error npm  v3.8.9
48 error code E403
49 error "You cannot publish over the previously published version 1.0.4." : jonfon
50 error If you need help, you may report this error at:
50 error     <https://github.com/npm/npm/issues>
51 verbose exit [ 1, true ]
